<?xml version="1.0" encoding="UTF-8"?>
<thing:thing-descriptions bindingId="nest" xmlns:xsi="http://www.w3.org/2001/XMLSchema-instance"
	xmlns:thing="http://eclipse.org/smarthome/schemas/thing-description/v1.0.0"
	xsi:schemaLocation="http://eclipse.org/smarthome/schemas/thing-description/v1.0.0 http://eclipse.org/smarthome/schemas/thing-description-1.0.0.xsd">

	<bridge-type id="test_account">
		<label>Test Account</label>
		<description>An account for testing the Nest binding</description>
		<config-description-ref uri="thing-type:nest:account" />
	</bridge-type>
</thing:thing-descriptions>
